{"id":"192.168.0.3.tm152068565655100001","wasCommitted":true,"participants":[{"uri":"192.168.0.3.tm1","state":"COMMITTING","expires":1520685673772,"resourceName":"XAactiveMQ"},{"uri":"192.168.0.3.tm2","state":"COMMITTING","expires":1520685673773,"resourceName":"xads11"}]}
{"id":"192.168.0.3.tm152068565655100001","wasCommitted":true,"participants":[{"uri":"192.168.0.3.tm1","state":"TERMINATED","expires":1520685673852,"resourceName":"XAactiveMQ"},{"uri":"192.168.0.3.tm2","state":"TERMINATED","expires":1520685673852,"resourceName":"xads11"}]}
{"id":"192.168.0.3.tm152068566395500002","wasCommitted":true,"participants":[{"uri":"192.168.0.3.tm3","state":"COMMITTING","expires":1520685675635,"resourceName":"XAactiveMQ"},{"uri":"192.168.0.3.tm4","state":"COMMITTING","expires":1520685675635,"resourceName":"xads11"}]}
{"id":"192.168.0.3.tm152068566395500002","wasCommitted":true,"participants":[{"uri":"192.168.0.3.tm3","state":"TERMINATED","expires":1520685675770,"resourceName":"XAactiveMQ"},{"uri":"192.168.0.3.tm4","state":"TERMINATED","expires":1520685675770,"resourceName":"xads11"}]}
{"id":"192.168.0.3.tm152068566587100003","wasCommitted":true,"participants":[{"uri":"192.168.0.3.tm5","state":"COMMITTING","expires":1520685675881,"resourceName":"XAactiveMQ"}]}
{"id":"192.168.0.3.tm152068566587100003","wasCommitted":true,"participants":[{"uri":"192.168.0.3.tm5","state":"TERMINATED","expires":1520685685783,"resourceName":"XAactiveMQ"}]}
{"id":"192.168.0.3.tm152068567588500004","wasCommitted":true,"participants":[{"uri":"192.168.0.3.tm6","state":"COMMITTING","expires":1520685685891,"resourceName":"XAactiveMQ"}]}
{"id":"192.168.0.3.tm152068567588500004","wasCommitted":true,"participants":[{"uri":"192.168.0.3.tm6","state":"TERMINATED","expires":1520685695793,"resourceName":"XAactiveMQ"}]}
{"id":"192.168.0.3.tm152068568589400005","wasCommitted":true,"participants":[{"uri":"192.168.0.3.tm7","state":"COMMITTING","expires":1520685695906,"resourceName":"XAactiveMQ"}]}
{"id":"192.168.0.3.tm152068568589400005","wasCommitted":true,"participants":[{"uri":"192.168.0.3.tm7","state":"TERMINATED","expires":1520685705808,"resourceName":"XAactiveMQ"}]}
{"id":"192.168.0.3.tm152068569590800006","wasCommitted":true,"participants":[{"uri":"192.168.0.3.tm8","state":"COMMITTING","expires":1520685705913,"resourceName":"XAactiveMQ"}]}
{"id":"192.168.0.3.tm152068569590800006","wasCommitted":true,"participants":[{"uri":"192.168.0.3.tm8","state":"TERMINATED","expires":1520685715816,"resourceName":"XAactiveMQ"}]}
{"id":"192.168.0.3.tm152068570591700007","wasCommitted":true,"participants":[{"uri":"192.168.0.3.tm9","state":"COMMITTING","expires":1520685715925,"resourceName":"XAactiveMQ"}]}
{"id":"192.168.0.3.tm152068570591700007","wasCommitted":true,"participants":[{"uri":"192.168.0.3.tm9","state":"TERMINATED","expires":1520685725826,"resourceName":"XAactiveMQ"}]}
{"id":"192.168.0.3.tm152068571592700008","wasCommitted":true,"participants":[{"uri":"192.168.0.3.tm10","state":"COMMITTING","expires":1520685725929,"resourceName":"XAactiveMQ"}]}
{"id":"192.168.0.3.tm152068571592700008","wasCommitted":true,"participants":[{"uri":"192.168.0.3.tm10","state":"TERMINATED","expires":1520685735831,"resourceName":"XAactiveMQ"}]}
{"id":"192.168.0.3.tm152068572593200009","wasCommitted":true,"participants":[{"uri":"192.168.0.3.tm11","state":"COMMITTING","expires":1520685735939,"resourceName":"XAactiveMQ"}]}
{"id":"192.168.0.3.tm152068572593200009","wasCommitted":true,"participants":[{"uri":"192.168.0.3.tm11","state":"TERMINATED","expires":1520685745841,"resourceName":"XAactiveMQ"}]}
{"id":"192.168.0.3.tm152068573594200010","wasCommitted":true,"participants":[{"uri":"192.168.0.3.tm12","state":"COMMITTING","expires":1520685745948,"resourceName":"XAactiveMQ"}]}
{"id":"192.168.0.3.tm152068573594200010","wasCommitted":true,"participants":[{"uri":"192.168.0.3.tm12","state":"TERMINATED","expires":1520685755850,"resourceName":"XAactiveMQ"}]}
{"id":"192.168.0.3.tm152068574595200011","wasCommitted":true,"participants":[{"uri":"192.168.0.3.tm13","state":"COMMITTING","expires":1520685757307,"resourceName":"XAactiveMQ"}]}
{"id":"192.168.0.3.tm152068574595200011","wasCommitted":true,"participants":[{"uri":"192.168.0.3.tm13","state":"TERMINATED","expires":1520685768018,"resourceName":"XAactiveMQ"}]}
{"id":"192.168.0.3.tm152068575875900012","wasCommitted":false,"participants":[{"uri":"192.168.0.3.tm14","state":"TERMINATED","expires":1520685780769,"resourceName":"XAactiveMQ"}]}
{"id":"192.168.0.3.tm152068577182400013","wasCommitted":false,"participants":[{"uri":"192.168.0.3.tm15","state":"TERMINATED","expires":1520685792437,"resourceName":"XAactiveMQ"}]}
{"id":"192.168.0.3.tm152068578758100014","wasCommitted":false,"participants":[{"uri":"192.168.0.3.tm16","state":"TERMINATED","expires":1520685807577,"resourceName":"XAactiveMQ"}]}
{"id":"192.168.0.3.tm152068580268000015","wasCommitted":true,"participants":[{"uri":"192.168.0.3.tm17","state":"COMMITTING","expires":1520685812706,"resourceName":"XAactiveMQ"}]}
{"id":"192.168.0.3.tm152068580268000015","wasCommitted":true,"participants":[{"uri":"192.168.0.3.tm17","state":"TERMINATED","expires":1520685822608,"resourceName":"XAactiveMQ"}]}
{"id":"192.168.0.3.tm152068581270900016","wasCommitted":true,"participants":[{"uri":"192.168.0.3.tm18","state":"COMMITTING","expires":1520685822749,"resourceName":"XAactiveMQ"}]}
{"id":"192.168.0.3.tm152068581270900016","wasCommitted":true,"participants":[{"uri":"192.168.0.3.tm18","state":"TERMINATED","expires":1520685832652,"resourceName":"XAactiveMQ"}]}
{"id":"192.168.0.3.tm152068582275400017","wasCommitted":true,"participants":[{"uri":"192.168.0.3.tm19","state":"COMMITTING","expires":1520685832762,"resourceName":"XAactiveMQ"}]}
{"id":"192.168.0.3.tm152068582275400017","wasCommitted":true,"participants":[{"uri":"192.168.0.3.tm19","state":"TERMINATED","expires":1520685842663,"resourceName":"XAactiveMQ"}]}
{"id":"192.168.0.3.tm152068583276500018","wasCommitted":true,"participants":[{"uri":"192.168.0.3.tm20","state":"COMMITTING","expires":1520685842774,"resourceName":"XAactiveMQ"}]}
{"id":"192.168.0.3.tm152068583276500018","wasCommitted":true,"participants":[{"uri":"192.168.0.3.tm20","state":"TERMINATED","expires":1520685852676,"resourceName":"XAactiveMQ"}]}
{"id":"192.168.0.3.tm152068584277800019","wasCommitted":true,"participants":[{"uri":"192.168.0.3.tm21","state":"COMMITTING","expires":1520685852809,"resourceName":"XAactiveMQ"}]}
{"id":"192.168.0.3.tm152068584277800019","wasCommitted":true,"participants":[{"uri":"192.168.0.3.tm21","state":"TERMINATED","expires":1520685862712,"resourceName":"XAactiveMQ"}]}
{"id":"192.168.0.3.tm152068585281300020","wasCommitted":true,"participants":[{"uri":"192.168.0.3.tm22","state":"COMMITTING","expires":1520685862819,"resourceName":"XAactiveMQ"}]}
{"id":"192.168.0.3.tm152068585281300020","wasCommitted":true,"participants":[{"uri":"192.168.0.3.tm22","state":"TERMINATED","expires":1520685872721,"resourceName":"XAactiveMQ"}]}
{"id":"192.168.0.3.tm152068586282100021","wasCommitted":true,"participants":[{"uri":"192.168.0.3.tm23","state":"COMMITTING","expires":1520685872841,"resourceName":"XAactiveMQ"}]}
{"id":"192.168.0.3.tm152068586282100021","wasCommitted":true,"participants":[{"uri":"192.168.0.3.tm23","state":"TERMINATED","expires":1520685882743,"resourceName":"XAactiveMQ"}]}
{"id":"192.168.0.3.tm152068587284500022","wasCommitted":true,"participants":[{"uri":"192.168.0.3.tm24","state":"COMMITTING","expires":1520685882865,"resourceName":"XAactiveMQ"}]}
{"id":"192.168.0.3.tm152068587284500022","wasCommitted":true,"participants":[{"uri":"192.168.0.3.tm24","state":"TERMINATED","expires":1520685892767,"resourceName":"XAactiveMQ"}]}
